TN:
SF:C:\Users\vusunkara\Documents\Uday\NGA\numberToStringConverterApp\src\polyfills.ts
FNF:0
FNH:0
LF:0
LH:0
BRF:0
BRH:0
end_of_record
TN:
SF:C:\Users\vusunkara\Documents\Uday\NGA\numberToStringConverterApp\src\test.ts
FNF:0
FNH:0
DA:13,1
DA:18,1
DA:20,1
LF:3
LH:3
BRF:0
BRH:0
end_of_record
TN:
SF:C:\Users\vusunkara\Documents\Uday\NGA\numberToStringConverterApp\src\app\app.component.ts
FN:3,(anonymous_0)
FNF:1
FNH:1
FNDA:2,(anonymous_0)
DA:8,1
DA:9,2
LF:2
LH:2
BRF:0
BRH:0
end_of_record
TN:
SF:C:\Users\vusunkara\Documents\Uday\NGA\numberToStringConverterApp\src\app\text-converter.service.ts
FN:8,(anonymous_0)
FN:10,(anonymous_1)
FN:12,(anonymous_2)
FNF:3
FNH:3
FNDA:12,(anonymous_0)
FNDA:8,(anonymous_1)
FNDA:27,(anonymous_2)
DA:6,1
DA:7,12
DA:11,8
DA:12,8
DA:13,27
DA:15,8
LF:6
LH:6
BRDA:13,0,0,23
BRDA:13,0,1,4
BRF:2
BRH:2
end_of_record
TN:
SF:C:\Users\vusunkara\Documents\Uday\NGA\numberToStringConverterApp\src\app\number-to-string-converter\number-to-string-converter.component.ts
FN:13,(anonymous_0)
FN:15,(anonymous_1)
FN:18,(anonymous_2)
FNF:3
FNH:3
FNDA:7,(anonymous_0)
FNDA:5,(anonymous_1)
FNDA:4,(anonymous_2)
DA:9,1
DA:10,7
DA:11,7
DA:12,7
DA:13,7
DA:19,4
DA:20,1
DA:22,3
DA:24,4
LF:9
LH:9
BRDA:19,0,0,1
BRDA:19,0,1,3
BRF:2
BRH:2
end_of_record
